  [1m[35m (0.3ms)[0m  [1m[35mCREATE DATABASE "Backend_development" ENCODING = 'unicode'[0m
  [1m[35m (0.3ms)[0m  [1m[35mCREATE DATABASE "Backend_development" ENCODING = 'unicode'[0m
  [1m[35m (0.3ms)[0m  [1m[35mCREATE DATABASE "Backend_development" ENCODING = 'unicode'[0m
  [1m[35m (1743.9ms)[0m  [1m[35mCREATE DATABASE "Backend_development" ENCODING = 'unicode'[0m
  [1m[35m (3913.1ms)[0m  [1m[35mCREATE DATABASE "Backend_test" ENCODING = 'unicode'[0m
  [1m[35m (101.1ms)[0m  [1m[35mCREATE TABLE "schema_migrations" ("version" character varying NOT NULL PRIMARY KEY)[0m
  [1m[35m (1387.6ms)[0m  [1m[35mCREATE TABLE "ar_internal_metadata" ("key" character varying NOT NULL PRIMARY KEY, "value" character varying, "created_at" timestamp(6) NOT NULL, "updated_at" timestamp(6) NOT NULL)[0m
  [1m[35m (0.2ms)[0m  [1m[34mSELECT pg_try_advisory_lock(6261970625210806065)[0m
  [1m[36mActiveRecord::SchemaMigration Pluck (0.3ms)[0m  [1m[34mSELECT "schema_migrations"."version" FROM "schema_migrations" ORDER BY "schema_migrations"."version" ASC[0m
Migrating to CreateUsers (20230417075612)
  [1m[36mTRANSACTION (0.1ms)[0m  [1m[35mBEGIN[0m
  [1m[35m (166.5ms)[0m  [1m[35mCREATE TABLE "users" ("id" bigserial primary key, "first_name" character varying, "last_name" character varying, "email" character varying, "password_digest" character varying, "admin" boolean, "created_at" timestamp(6) NOT NULL, "updated_at" timestamp(6) NOT NULL)[0m
  [1m[36mActiveRecord::SchemaMigration Create (0.4ms)[0m  [1m[32mINSERT INTO "schema_migrations" ("version") VALUES ($1) RETURNING "version"[0m  [["version", "20230417075612"]]
  [1m[36mTRANSACTION (23.5ms)[0m  [1m[35mCOMMIT[0m
Migrating to CreateCommunicableDiseases (20230417075654)
  [1m[36mTRANSACTION (0.2ms)[0m  [1m[35mBEGIN[0m
  [1m[35m (308.9ms)[0m  [1m[35mCREATE TABLE "communicable_diseases" ("id" bigserial primary key, "name" character varying, "description" text, "symptoms" text, "prevention_measures" text, "created_at" timestamp(6) NOT NULL, "updated_at" timestamp(6) NOT NULL)[0m
  [1m[36mActiveRecord::SchemaMigration Create (0.2ms)[0m  [1m[32mINSERT INTO "schema_migrations" ("version") VALUES ($1) RETURNING "version"[0m  [["version", "20230417075654"]]
  [1m[36mTRANSACTION (14.3ms)[0m  [1m[35mCOMMIT[0m
Migrating to CreateAreas (20230417075744)
  [1m[36mTRANSACTION (0.2ms)[0m  [1m[35mBEGIN[0m
  [1m[35m (87.1ms)[0m  [1m[35mCREATE TABLE "areas" ("id" bigserial primary key, "name" character varying, "description" text, "latitude" decimal, "longitude" decimal, "communicable_disease_id" bigint NOT NULL, "created_at" timestamp(6) NOT NULL, "updated_at" timestamp(6) NOT NULL, CONSTRAINT "fk_rails_86649dfc70"
FOREIGN KEY ("communicable_disease_id")
  REFERENCES "communicable_diseases" ("id")
)[0m
  [1m[35m (66.2ms)[0m  [1m[35mCREATE INDEX "index_areas_on_communicable_disease_id" ON "areas" ("communicable_disease_id")[0m
  [1m[36mActiveRecord::SchemaMigration Create (0.3ms)[0m  [1m[32mINSERT INTO "schema_migrations" ("version") VALUES ($1) RETURNING "version"[0m  [["version", "20230417075744"]]
  [1m[36mTRANSACTION (15.0ms)[0m  [1m[35mCOMMIT[0m
Migrating to CreateReviews (20230417075923)
  [1m[36mTRANSACTION (0.2ms)[0m  [1m[35mBEGIN[0m
  [1m[35m (132.0ms)[0m  [1m[35mCREATE TABLE "reviews" ("id" bigserial primary key, "content" text, "rating" integer, "user_id_id" bigint NOT NULL, "area_id_id" bigint NOT NULL, "created_at" timestamp(6) NOT NULL, "updated_at" timestamp(6) NOT NULL, CONSTRAINT "fk_rails_dd9608186a"
FOREIGN KEY ("user_id_id")
  REFERENCES "user_ids" ("id")
, CONSTRAINT "fk_rails_10fda86d14"
FOREIGN KEY ("area_id_id")
  REFERENCES "area_ids" ("id")
)[0m
  [1m[36mTRANSACTION (0.1ms)[0m  [1m[31mROLLBACK[0m
  [1m[35m (0.2ms)[0m  [1m[34mSELECT pg_advisory_unlock(6261970625210806065)[0m
  [1m[35m (0.1ms)[0m  [1m[34mSELECT pg_try_advisory_lock(6261970625210806065)[0m
  [1m[36mActiveRecord::SchemaMigration Pluck (0.4ms)[0m  [1m[34mSELECT "schema_migrations"."version" FROM "schema_migrations" ORDER BY "schema_migrations"."version" ASC[0m
Migrating to CreateReviews (20230417075923)
  [1m[36mTRANSACTION (0.1ms)[0m  [1m[35mBEGIN[0m
  [1m[35m (512.6ms)[0m  [1m[35mCREATE TABLE "reviews" ("id" bigserial primary key, "content" text, "rating" integer, "user_id" bigint NOT NULL, "area_id" bigint NOT NULL, "created_at" timestamp(6) NOT NULL, "updated_at" timestamp(6) NOT NULL, CONSTRAINT "fk_rails_74a66bd6c5"
FOREIGN KEY ("user_id")
  REFERENCES "users" ("id")
, CONSTRAINT "fk_rails_5a24de230c"
FOREIGN KEY ("area_id")
  REFERENCES "areas" ("id")
)[0m
  [1m[35m (31.9ms)[0m  [1m[35mCREATE INDEX "index_reviews_on_user_id" ON "reviews" ("user_id")[0m
  [1m[35m (33.0ms)[0m  [1m[35mCREATE INDEX "index_reviews_on_area_id" ON "reviews" ("area_id")[0m
  [1m[36mActiveRecord::SchemaMigration Create (0.2ms)[0m  [1m[32mINSERT INTO "schema_migrations" ("version") VALUES ($1) RETURNING "version"[0m  [["version", "20230417075923"]]
  [1m[36mTRANSACTION (19.5ms)[0m  [1m[35mCOMMIT[0m
Migrating to CreateDonations (20230417075954)
  [1m[36mTRANSACTION (0.2ms)[0m  [1m[35mBEGIN[0m
  [1m[35m (86.0ms)[0m  [1m[35mCREATE TABLE "donations" ("id" bigserial primary key, "amount" decimal, "user_id" bigint NOT NULL, "area_id" bigint NOT NULL, "created_at" timestamp(6) NOT NULL, "updated_at" timestamp(6) NOT NULL, CONSTRAINT "fk_rails_5470822a00"
FOREIGN KEY ("user_id")
  REFERENCES "users" ("id")
, CONSTRAINT "fk_rails_3dda997faf"
FOREIGN KEY ("area_id")
  REFERENCES "areas" ("id")
)[0m
  [1m[35m (54.5ms)[0m  [1m[35mCREATE INDEX "index_donations_on_user_id" ON "donations" ("user_id")[0m
  [1m[35m (55.0ms)[0m  [1m[35mCREATE INDEX "index_donations_on_area_id" ON "donations" ("area_id")[0m
  [1m[36mActiveRecord::SchemaMigration Create (0.3ms)[0m  [1m[32mINSERT INTO "schema_migrations" ("version") VALUES ($1) RETURNING "version"[0m  [["version", "20230417075954"]]
  [1m[36mTRANSACTION (14.8ms)[0m  [1m[35mCOMMIT[0m
  [1m[36mActiveRecord::InternalMetadata Load (0.3ms)[0m  [1m[34mSELECT "ar_internal_metadata".* FROM "ar_internal_metadata" WHERE "ar_internal_metadata"."key" = $1 LIMIT $2[0m  [["key", "environment"], ["LIMIT", 1]]
  [1m[36mTRANSACTION (0.1ms)[0m  [1m[35mBEGIN[0m
  [1m[36mActiveRecord::InternalMetadata Create (0.4ms)[0m  [1m[32mINSERT INTO "ar_internal_metadata" ("key", "value", "created_at", "updated_at") VALUES ($1, $2, $3, $4) RETURNING "key"[0m  [["key", "environment"], ["value", "development"], ["created_at", "2023-04-17 08:35:38.084826"], ["updated_at", "2023-04-17 08:35:38.084826"]]
  [1m[36mTRANSACTION (61.9ms)[0m  [1m[35mCOMMIT[0m
  [1m[35m (0.3ms)[0m  [1m[34mSELECT pg_advisory_unlock(6261970625210806065)[0m
  [1m[36mActiveRecord::SchemaMigration Pluck (0.5ms)[0m  [1m[34mSELECT "schema_migrations"."version" FROM "schema_migrations" ORDER BY "schema_migrations"."version" ASC[0m
